<?xml version="1.0" encoding="UTF-8"?>
<testsuite xmlns:xsi="http://www.w3.org/2001/XMLSchema-instance" xsi:noNamespaceSchemaLocation="https://maven.apache.org/surefire/maven-surefire-plugin/xsd/surefire-test-report-3.0.xsd" version="3.0" name="TestSuite" time="55.796" tests="9" errors="0" skipped="0" failures="0">
  <properties>
[...]
</properties>
  <testcase name="openBrowserAndURL" classname="testcases.OpenBrowserAndUrl_Test" time="10.227">
    <system-out><![CDATA[chrome
]]></system-out>
    <system-err><![CDATA[SLF4J: Failed to load class "org.slf4j.impl.StaticLoggerBinder".
SLF4J: Defaulting to no-operation (NOP) logger implementation
SLF4J: See http://www.slf4j.org/codes.html#StaticLoggerBinder for further details.
Starting ChromeDriver 107.0.5304.62 (1eec40d3a5764881c92085aaee66d25075c159aa-refs/branch-heads/5304@{#942}) on port 41998
Only local connections are allowed.
Please see https://chromedriver.chromium.org/security-considerations for suggestions on keeping ChromeDriver safe.
ChromeDriver was started successfully.
Nov 13, 2022 1:06:52 PM org.openqa.selenium.remote.ProtocolHandshake createSession
INFO: Detected dialect: W3C
]]></system-err>
  </testcase>
  <testcase name="EnterValidCredentials" classname="testcases.LoginPage_Test" time="6.201"/>
  <testcase name="clearshoppingcard" classname="testcases.ClearShoppingPage_Test" time="1.108"/>
  <testcase name="addbookspage" classname="testcases.AddBooksPage_Test" time="3.422"/>
  <testcase name="gotocard" classname="testcases.GotoCardPage_Test" time="2.87"/>
  <testcase name="BillingAdd" classname="testcases.BillingAddressPage_Test" time="9.708"/>
  <testcase name="checkoutDetails_Page" classname="testcases.CheckoutDetailsPage_Test" time="5.85"/>
  <testcase name="successOrder_Page" classname="testcases.SuccessOrderPage_Test" time="10.687">
    <system-out><![CDATA[Order number: 1316821
Your order has been successfully processed!
Order #1316821
Order Date: Sunday, November 13, 2022
Order Status: Pending
Order Total: 81.00
Billing Address
prasad2 test2
Email: abc1234@gmail.com
Phone: 98745612310
Fax:
DNO:12345
testnew2
AndhraPradesh , 13346
India
Payment Method
Cash On Delivery (COD)
Shipping Address
prasad1 test1
Email: abc1234@gmail.com
Phone: 98765432119
Fax:
door no:12345
testnew1
andhrapradesh , 123456
India
Shipping Method
Next Day Air
Product(s)
Name Price Quantity Total
Computing and Internet 10.00 1 10.00
Fiction 24.00 1 24.00
Sub-Total: 34.00
Shipping: 40.00
Payment method additional fee: 7.00
Tax: 0.00
Order Total: 81.00
]]></system-out>
  </testcase>
  <testcase name="logout" classname="testcases.LogoutPage_Test" time="2.978"/>
</testsuite>